<?xml version="1.0" encoding="UTF-8"?>
<coverage generated="1536166614633" clover="3.2.0">
  <project timestamp="1536166614635" name="All files">
    <metrics statements="61" coveredstatements="20" conditionals="34" coveredconditionals="12" methods="30" coveredmethods="4" elements="125" coveredelements="36" complexity="0" loc="61" ncloc="61" packages="3" files="5" classes="5">
      <package name="lib">
        <metrics statements="25" coveredstatements="0" conditionals="16" coveredconditionals="0" methods="17" coveredmethods="0"/>
        <file name="adapter.ts" path="C:\Users\xps\Documents\Programming\Projects\KazanExpress\omnic\lib\adapter.ts">
          <metrics statements="15" coveredstatements="0" conditionals="10" coveredconditionals="0" methods="11" coveredmethods="0"/>
          <line num="9" count="0" type="cond" truecount="0" falsecount="2"/>
          <line num="11" count="0" type="cond" truecount="0" falsecount="2"/>
          <line num="12" count="0" type="cond" truecount="0" falsecount="2"/>
          <line num="15" count="0" type="stmt"/>
          <line num="19" count="0" type="stmt"/>
          <line num="20" count="0" type="cond" truecount="0" falsecount="2"/>
          <line num="22" count="0" type="stmt"/>
          <line num="24" count="0" type="cond" truecount="0" falsecount="2"/>
          <line num="25" count="0" type="stmt"/>
          <line num="28" count="0" type="stmt"/>
          <line num="30" count="0" type="stmt"/>
          <line num="33" count="0" type="stmt"/>
          <line num="37" count="0" type="stmt"/>
          <line num="46" count="0" type="stmt"/>
          <line num="47" count="0" type="stmt"/>
        </file>
        <file name="request.ts" path="C:\Users\xps\Documents\Programming\Projects\KazanExpress\omnic\lib\request.ts">
          <metrics statements="10" coveredstatements="0" conditionals="6" coveredconditionals="0" methods="6" coveredmethods="0"/>
          <line num="6" count="0" type="stmt"/>
          <line num="10" count="0" type="stmt"/>
          <line num="18" count="0" type="stmt"/>
          <line num="24" count="0" type="cond" truecount="0" falsecount="4"/>
          <line num="25" count="0" type="stmt"/>
          <line num="27" count="0" type="cond" truecount="0" falsecount="2"/>
          <line num="30" count="0" type="stmt"/>
          <line num="33" count="0" type="stmt"/>
          <line num="36" count="0" type="stmt"/>
          <line num="37" count="0" type="stmt"/>
        </file>
      </package>
      <package name="lib.mergeStrategies">
        <metrics statements="32" coveredstatements="19" conditionals="14" coveredconditionals="12" methods="10" coveredmethods="4"/>
        <file name="base.ts" path="C:\Users\xps\Documents\Programming\Projects\KazanExpress\omnic\lib\mergeStrategies\base.ts">
          <metrics statements="9" coveredstatements="9" conditionals="12" coveredconditionals="12" methods="2" coveredmethods="2"/>
          <line num="63" count="3" type="stmt"/>
          <line num="66" count="18" type="stmt"/>
          <line num="67" count="18" type="cond" truecount="4" falsecount="0"/>
          <line num="68" count="6" type="stmt"/>
          <line num="69" count="12" type="cond" truecount="4" falsecount="0"/>
          <line num="70" count="3" type="stmt"/>
          <line num="71" count="9" type="cond" truecount="4" falsecount="0"/>
          <line num="72" count="6" type="stmt"/>
          <line num="74" count="3" type="stmt"/>
        </file>
        <file name="index.ts" path="C:\Users\xps\Documents\Programming\Projects\KazanExpress\omnic\lib\mergeStrategies\index.ts">
          <metrics statements="23" coveredstatements="10" conditionals="2" coveredconditionals="0" methods="8" coveredmethods="2"/>
          <line num="7" count="2" type="stmt"/>
          <line num="9" count="0" type="stmt"/>
          <line num="16" count="2" type="stmt"/>
          <line num="18" count="2" type="stmt"/>
          <line num="19" count="0" type="cond" truecount="0" falsecount="2"/>
          <line num="20" count="0" type="stmt"/>
          <line num="22" count="0" type="stmt"/>
          <line num="25" count="2" type="stmt"/>
          <line num="28" count="7" type="stmt"/>
          <line num="35" count="7" type="stmt"/>
          <line num="38" count="2" type="stmt"/>
          <line num="39" count="2" type="stmt"/>
          <line num="41" count="3" type="stmt"/>
          <line num="43" count="2" type="stmt"/>
          <line num="44" count="0" type="stmt"/>
          <line num="64" count="0" type="stmt"/>
          <line num="65" count="0" type="stmt"/>
          <line num="67" count="0" type="stmt"/>
          <line num="68" count="0" type="stmt"/>
          <line num="69" count="0" type="stmt"/>
          <line num="71" count="0" type="stmt"/>
          <line num="74" count="0" type="stmt"/>
          <line num="78" count="0" type="stmt"/>
        </file>
      </package>
      <package name="lib.misc">
        <metrics statements="4" coveredstatements="1" conditionals="4" coveredconditionals="0" methods="3" coveredmethods="0"/>
        <file name="index.ts" path="C:\Users\xps\Documents\Programming\Projects\KazanExpress\omnic\lib\misc\index.ts">
          <metrics statements="4" coveredstatements="1" conditionals="4" coveredconditionals="0" methods="3" coveredmethods="0"/>
          <line num="2" count="0" type="cond" truecount="0" falsecount="4"/>
          <line num="6" count="0" type="stmt"/>
          <line num="10" count="0" type="stmt"/>
          <line num="13" count="2" type="stmt"/>
        </file>
      </package>
    </metrics>
  </project>
</coverage>
