{"C:\\Users\\xps\\Documents\\Programming\\Projects\\KazanExpress\\omnic\\lib\\adapter.ts": {"path":"C:\\Users\\xps\\Documents\\Programming\\Projects\\KazanExpress\\omnic\\lib\\adapter.ts","statementMap":{"0":{"start":{"line":9,"column":19},"end":{"line":9,"column":4}},"1":{"start":{"line":11,"column":4},"end":{"line":13,"column":5}},"2":{"start":{"line":12,"column":6},"end":{"line":null,"column":-1}},"3":{"start":{"line":15,"column":4},"end":{"line":null,"column":-1}},"4":{"start":{"line":19,"column":27},"end":{"line":19,"column":4}},"5":{"start":{"line":20,"column":20},"end":{"line":20,"column":6}},"6":{"start":{"line":20,"column":25},"end":{"line":20,"column":6}},"7":{"start":{"line":20,"column":32},"end":{"line":20,"column":6}},"8":{"start":{"line":22,"column":6},"end":{"line":null,"column":-1}},"9":{"start":{"line":24,"column":10},"end":{"line":26,"column":11}},"10":{"start":{"line":25,"column":12},"end":{"line":null,"column":-1}},"11":{"start":{"line":28,"column":10},"end":{"line":null,"column":-1}},"12":{"start":{"line":30,"column":25},"end":{"line":28,"column":18}},"13":{"start":{"line":33,"column":21},"end":{"line":22,"column":13}},"14":{"start":{"line":37,"column":4},"end":{"line":null,"column":-1}},"15":{"start":{"line":46,"column":4},"end":{"line":null,"column":-1}},"16":{"start":{"line":47,"column":6},"end":{"line":null,"column":-1}},"17":{"start":{"line":47,"column":46},"end":{"line":47,"column":6}}},"fnMap":{"0":{"name":"(anonymous_0)","decl":{"start":{"line":8,"column":9},"end":{"line":8,"column":16}},"loc":{"start":{"line":8,"column":54},"end":{"line":16,"column":3}}},"1":{"name":"(anonymous_1)","decl":{"start":{"line":18,"column":10},"end":{"line":18,"column":22}},"loc":{"start":{"line":18,"column":67},"end":{"line":7,"column":43}}},"2":{"name":"(anonymous_2)","decl":{"start":{"line":19,"column":27},"end":{"line":19,"column":31}},"loc":{"start":{"line":19,"column":32},"end":{"line":19,"column":4}}},"3":{"name":"(anonymous_3)","decl":{"start":{"line":20,"column":20},"end":{"line":20,"column":24}},"loc":{"start":{"line":20,"column":25},"end":{"line":20,"column":6}}},"4":{"name":"(anonymous_4)","decl":{"start":{"line":20,"column":25},"end":{"line":20,"column":31}},"loc":{"start":{"line":20,"column":32},"end":{"line":20,"column":6}}},"5":{"name":"(anonymous_5)","decl":{"start":{"line":23,"column":13},"end":{"line":23,"column":16}},"loc":{"start":{"line":23,"column":17},"end":{"line":22,"column":13}}},"6":{"name":"(anonymous_6)","decl":{"start":{"line":30,"column":20},"end":{"line":30,"column":24}},"loc":{"start":{"line":30,"column":25},"end":{"line":28,"column":18}}},"7":{"name":"(anonymous_7)","decl":{"start":{"line":33,"column":16},"end":{"line":33,"column":20}},"loc":{"start":{"line":33,"column":21},"end":{"line":22,"column":13}}},"8":{"name":"(anonymous_8)","decl":{"start":{"line":45,"column":9},"end":{"line":45,"column":16}},"loc":{"start":{"line":45,"column":54},"end":{"line":44,"column":54}}},"9":{"name":"(anonymous_9)","decl":{"start":{"line":46,"column":28},"end":{"line":46,"column":29}},"loc":{"start":{"line":46,"column":48},"end":{"line":46,"column":11}}},"10":{"name":"(anonymous_10)","decl":{"start":{"line":47,"column":38},"end":{"line":47,"column":45}},"loc":{"start":{"line":47,"column":46},"end":{"line":47,"column":6}}}},"branchMap":{"0":{"loc":{"start":{"line":9,"column":37},"end":{"line":9,"column":36}},"type":"binary-expr","locations":[{"start":{"line":9,"column":37},"end":{"line":9,"column":36}},{"start":{"line":9,"column":54},"end":{"line":9,"column":19}}]},"1":{"loc":{"start":{"line":11,"column":4},"end":{"line":13,"column":5}},"type":"if","locations":[{"start":{"line":11,"column":4},"end":{"line":13,"column":5}},{"start":{"line":11,"column":4},"end":{"line":13,"column":5}}]},"2":{"loc":{"start":{"line":12,"column":39},"end":{"line":12,"column":19}},"type":"cond-expr","locations":[{"start":{"line":12,"column":39},"end":{"line":12,"column":19}},{"start":{"line":12,"column":45},"end":{"line":12,"column":12}}]},"3":{"loc":{"start":{"line":20,"column":52},"end":{"line":20,"column":32}},"type":"cond-expr","locations":[{"start":{"line":20,"column":52},"end":{"line":20,"column":32}},{"start":{"line":20,"column":108},"end":{"line":20,"column":6}}]},"4":{"loc":{"start":{"line":24,"column":10},"end":{"line":26,"column":11}},"type":"if","locations":[{"start":{"line":24,"column":10},"end":{"line":26,"column":11}},{"start":{"line":24,"column":10},"end":{"line":26,"column":11}}]}},"s":{"0":0,"1":0,"2":0,"3":0,"4":0,"5":0,"6":0,"7":0,"8":0,"9":0,"10":0,"11":0,"12":0,"13":0,"14":0,"15":0,"16":0,"17":0},"f":{"0":0,"1":0,"2":0,"3":0,"4":0,"5":0,"6":0,"7":0,"8":0,"9":0,"10":0},"b":{"0":[0,0],"1":[0,0],"2":[0,0],"3":[0,0],"4":[0,0]}}
,"C:\\Users\\xps\\Documents\\Programming\\Projects\\KazanExpress\\omnic\\lib\\request.ts": {"path":"C:\\Users\\xps\\Documents\\Programming\\Projects\\KazanExpress\\omnic\\lib\\request.ts","statementMap":{"0":{"start":{"line":6,"column":4},"end":{"line":16,"column":3}},"1":{"start":{"line":10,"column":6},"end":{"line":15,"column":5}},"2":{"start":{"line":18,"column":2},"end":{"line":19,"column":1}},"3":{"start":{"line":24,"column":2},"end":{"line":28,"column":3}},"4":{"start":{"line":25,"column":4},"end":{"line":26,"column":3}},"5":{"start":{"line":27,"column":4},"end":{"line":null,"column":-1}},"6":{"start":{"line":30,"column":2},"end":{"line":null,"column":-1}},"7":{"start":{"line":33,"column":13},"end":{"line":33,"column":7}},"8":{"start":{"line":36,"column":2},"end":{"line":null,"column":-1}},"9":{"start":{"line":37,"column":2},"end":{"line":null,"column":-1}}},"fnMap":{"0":{"name":"alias","decl":{"start":{"line":4,"column":6},"end":{"line":4,"column":5}},"loc":{"start":{"line":4,"column":49},"end":{"line":21,"column":6}}},"1":{"name":"requestFactory","decl":{"start":{"line":5,"column":2},"end":{"line":5,"column":1}},"loc":{"start":{"line":5,"column":70},"end":{"line":18,"column":2}}},"2":{"name":"request","decl":{"start":{"line":6,"column":11},"end":{"line":6,"column":10}},"loc":{"start":{"line":6,"column":53},"end":{"line":6,"column":4}}},"3":{"name":"(anonymous_3)","decl":{"start":{"line":10,"column":28},"end":{"line":10,"column":29}},"loc":{"start":{"line":10,"column":48},"end":{"line":10,"column":13}}},"4":{"name":"methodAlias","decl":{"start":{"line":21,"column":6},"end":{"line":21,"column":5}},"loc":{"start":{"line":21,"column":67},"end":{"line":31,"column":1}}},"5":{"name":"(anonymous_5)","decl":{"start":{"line":35,"column":9},"end":{"line":35,"column":10}},"loc":{"start":{"line":35,"column":32},"end":{"line":33,"column":29}}}},"branchMap":{"0":{"loc":{"start":{"line":24,"column":2},"end":{"line":28,"column":3}},"type":"if","locations":[{"start":{"line":24,"column":2},"end":{"line":28,"column":3}},{"start":{"line":24,"column":2},"end":{"line":28,"column":3}}]},"1":{"loc":{"start":{"line":24,"column":6},"end":{"line":24,"column":25}},"type":"binary-expr","locations":[{"start":{"line":24,"column":6},"end":{"line":24,"column":25}},{"start":{"line":24,"column":26},"end":{"line":24,"column":2}}]},"2":{"loc":{"start":{"line":27,"column":17},"end":{"line":27,"column":26}},"type":"binary-expr","locations":[{"start":{"line":27,"column":17},"end":{"line":27,"column":26}},{"start":{"line":27,"column":27},"end":{"line":27,"column":4}}]}},"s":{"0":0,"1":0,"2":0,"3":0,"4":0,"5":0,"6":0,"7":0,"8":0,"9":0},"f":{"0":0,"1":0,"2":0,"3":0,"4":0,"5":0},"b":{"0":[0,0],"1":[0,0],"2":[0,0]}}
,"C:\\Users\\xps\\Documents\\Programming\\Projects\\KazanExpress\\omnic\\lib\\mergeStrategies\\base.ts": {"path":"C:\\Users\\xps\\Documents\\Programming\\Projects\\KazanExpress\\omnic\\lib\\mergeStrategies\\base.ts","statementMap":{"0":{"start":{"line":63,"column":58},"end":{"line":76,"column":1}},"1":{"start":{"line":66,"column":5},"end":{"line":76,"column":1}},"2":{"start":{"line":67,"column":2},"end":{"line":75,"column":3}},"3":{"start":{"line":68,"column":4},"end":{"line":68,"column":34}},"4":{"start":{"line":69,"column":9},"end":{"line":75,"column":3}},"5":{"start":{"line":70,"column":4},"end":{"line":70,"column":16}},"6":{"start":{"line":71,"column":9},"end":{"line":75,"column":3}},"7":{"start":{"line":72,"column":4},"end":{"line":72,"column":17}},"8":{"start":{"line":74,"column":4},"end":{"line":74,"column":24}}},"fnMap":{"0":{"name":"(anonymous_0)","decl":{"start":{"line":63,"column":58},"end":{"line":64,"column":2}},"loc":{"start":{"line":66,"column":5},"end":{"line":76,"column":1}}},"1":{"name":"(anonymous_1)","decl":{"start":{"line":66,"column":5},"end":{"line":66,"column":6}},"loc":{"start":{"line":66,"column":23},"end":{"line":76,"column":1}}}},"branchMap":{"0":{"loc":{"start":{"line":67,"column":2},"end":{"line":75,"column":3}},"type":"if","locations":[{"start":{"line":67,"column":2},"end":{"line":75,"column":3}},{"start":{"line":67,"column":2},"end":{"line":75,"column":3}}]},"1":{"loc":{"start":{"line":67,"column":6},"end":{"line":67,"column":26}},"type":"binary-expr","locations":[{"start":{"line":67,"column":6},"end":{"line":67,"column":26}},{"start":{"line":67,"column":30},"end":{"line":67,"column":49}}]},"2":{"loc":{"start":{"line":69,"column":9},"end":{"line":75,"column":3}},"type":"if","locations":[{"start":{"line":69,"column":9},"end":{"line":75,"column":3}},{"start":{"line":69,"column":9},"end":{"line":75,"column":3}}]},"3":{"loc":{"start":{"line":69,"column":13},"end":{"line":69,"column":33}},"type":"binary-expr","locations":[{"start":{"line":69,"column":13},"end":{"line":69,"column":33}},{"start":{"line":69,"column":37},"end":{"line":69,"column":42}}]},"4":{"loc":{"start":{"line":71,"column":9},"end":{"line":75,"column":3}},"type":"if","locations":[{"start":{"line":71,"column":9},"end":{"line":75,"column":3}},{"start":{"line":71,"column":9},"end":{"line":75,"column":3}}]},"5":{"loc":{"start":{"line":71,"column":13},"end":{"line":71,"column":32}},"type":"binary-expr","locations":[{"start":{"line":71,"column":13},"end":{"line":71,"column":32}},{"start":{"line":71,"column":36},"end":{"line":71,"column":42}}]}},"s":{"0":3,"1":18,"2":18,"3":6,"4":12,"5":3,"6":9,"7":6,"8":3},"f":{"0":18,"1":18},"b":{"0":[6,12],"1":[18,12],"2":[3,9],"3":[12,6],"4":[6,3],"5":[9,9]}}
,"C:\\Users\\xps\\Documents\\Programming\\Projects\\KazanExpress\\omnic\\lib\\mergeStrategies\\index.ts": {"path":"C:\\Users\\xps\\Documents\\Programming\\Projects\\KazanExpress\\omnic\\lib\\mergeStrategies\\index.ts","statementMap":{"0":{"start":{"line":7,"column":20},"end":{"line":14,"column":1}},"1":{"start":{"line":9,"column":4},"end":{"line":12,"column":5}},"2":{"start":{"line":9,"column":17},"end":{"line":12,"column":5}},"3":{"start":{"line":16,"column":27},"end":{"line":16,"column":95}},"4":{"start":{"line":16,"column":76},"end":{"line":16,"column":95}},"5":{"start":{"line":18,"column":26},"end":{"line":23,"column":2}},"6":{"start":{"line":19,"column":2},"end":{"line":20,"column":25}},"7":{"start":{"line":20,"column":4},"end":{"line":20,"column":25}},"8":{"start":{"line":22,"column":2},"end":{"line":22,"column":31}},"9":{"start":{"line":25,"column":21},"end":{"line":36,"column":1}},"10":{"start":{"line":28,"column":19},"end":{"line":33,"column":9}},"11":{"start":{"line":35,"column":2},"end":{"line":35,"column":33}},"12":{"start":{"line":38,"column":15},"end":{"line":38,"column":43}},"13":{"start":{"line":39,"column":16},"end":{"line":39,"column":42}},"14":{"start":{"line":41,"column":24},"end":{"line":41,"column":71}},"15":{"start":{"line":41,"column":65},"end":{"line":41,"column":70}},"16":{"start":{"line":43,"column":22},"end":{"line":75,"column":6}},"17":{"start":{"line":44,"column":76},"end":{"line":62,"column":3}},"18":{"start":{"line":64,"column":15},"end":{"line":64,"column":44}},"19":{"start":{"line":65,"column":22},"end":{"line":65,"column":39}},"20":{"start":{"line":67,"column":2},"end":{"line":72,"column":3}},"21":{"start":{"line":68,"column":23},"end":{"line":68,"column":55}},"22":{"start":{"line":69,"column":22},"end":{"line":69,"column":53}},"23":{"start":{"line":71,"column":4},"end":{"line":71,"column":114}},"24":{"start":{"line":74,"column":2},"end":{"line":74,"column":20}},"25":{"start":{"line":78,"column":2},"end":{"line":78,"column":46}}},"fnMap":{"0":{"name":"(anonymous_0)","decl":{"start":{"line":8,"column":2},"end":{"line":8,"column":3}},"loc":{"start":{"line":9,"column":4},"end":{"line":12,"column":5}}},"1":{"name":"(anonymous_1)","decl":{"start":{"line":9,"column":4},"end":{"line":9,"column":5}},"loc":{"start":{"line":9,"column":17},"end":{"line":12,"column":5}}},"2":{"name":"(anonymous_2)","decl":{"start":{"line":16,"column":27},"end":{"line":16,"column":28}},"loc":{"start":{"line":16,"column":76},"end":{"line":16,"column":95}}},"3":{"name":"(anonymous_3)","decl":{"start":{"line":18,"column":66},"end":{"line":18,"column":67}},"loc":{"start":{"line":18,"column":84},"end":{"line":23,"column":1}}},"4":{"name":"(anonymous_4)","decl":{"start":{"line":25,"column":21},"end":{"line":26,"column":2}},"loc":{"start":{"line":27,"column":63},"end":{"line":36,"column":1}}},"5":{"name":"(anonymous_6)","decl":{"start":{"line":41,"column":45},"end":{"line":41,"column":46}},"loc":{"start":{"line":41,"column":65},"end":{"line":41,"column":70}}},"6":{"name":"(anonymous_7)","decl":{"start":{"line":43,"column":56},"end":{"line":43,"column":57}},"loc":{"start":{"line":43,"column":74},"end":{"line":75,"column":1}}},"7":{"name":"mergeConfigs","decl":{"start":{"line":77,"column":6},"end":{"line":77,"column":28}},"loc":{"start":{"line":77,"column":68},"end":{"line":79,"column":1}}}},"branchMap":{"0":{"loc":{"start":{"line":19,"column":2},"end":{"line":20,"column":25}},"type":"if","locations":[{"start":{"line":19,"column":2},"end":{"line":20,"column":25}},{"start":{"line":19,"column":2},"end":{"line":20,"column":25}}]}},"s":{"0":2,"1":0,"2":0,"3":2,"4":0,"5":2,"6":0,"7":0,"8":0,"9":2,"10":7,"11":7,"12":2,"13":2,"14":2,"15":3,"16":2,"17":0,"18":0,"19":0,"20":0,"21":0,"22":0,"23":0,"24":0,"25":0},"f":{"0":0,"1":0,"2":0,"3":0,"4":7,"5":3,"6":0,"7":0},"b":{"0":[0,0]}}
,"C:\\Users\\xps\\Documents\\Programming\\Projects\\KazanExpress\\omnic\\lib\\misc\\index.ts": {"path":"C:\\Users\\xps\\Documents\\Programming\\Projects\\KazanExpress\\omnic\\lib\\misc\\index.ts","statementMap":{"0":{"start":{"line":2,"column":2},"end":{"line":2,"column":100}},"1":{"start":{"line":6,"column":2},"end":{"line":6,"column":66}},"2":{"start":{"line":10,"column":2},"end":{"line":10,"column":33}},"3":{"start":{"line":13,"column":22},"end":{"line":13,"column":48}}},"fnMap":{"0":{"name":"isString","decl":{"start":{"line":1,"column":6},"end":{"line":1,"column":24}},"loc":{"start":{"line":1,"column":26},"end":{"line":3,"column":1}}},"1":{"name":"isObject","decl":{"start":{"line":5,"column":6},"end":{"line":5,"column":24}},"loc":{"start":{"line":5,"column":26},"end":{"line":7,"column":1}}},"2":{"name":"isFunction","decl":{"start":{"line":9,"column":6},"end":{"line":9,"column":26}},"loc":{"start":{"line":9,"column":28},"end":{"line":11,"column":1}}}},"branchMap":{"0":{"loc":{"start":{"line":2,"column":9},"end":{"line":2,"column":30}},"type":"binary-expr","locations":[{"start":{"line":2,"column":9},"end":{"line":2,"column":30}},{"start":{"line":2,"column":35},"end":{"line":2,"column":38}},{"start":{"line":2,"column":42},"end":{"line":2,"column":63}},{"start":{"line":2,"column":67},"end":{"line":2,"column":98}}]}},"s":{"0":0,"1":0,"2":0,"3":2},"f":{"0":0,"1":0,"2":0},"b":{"0":[0,0,0,0]}}
}
