TN:
SF:C:\Users\xps\Documents\Programming\Projects\KazanExpress\omnic\lib\adapter.ts
FN:8,(anonymous_0)
FN:18,(anonymous_1)
FN:19,(anonymous_2)
FN:20,(anonymous_3)
FN:20,(anonymous_4)
FN:23,(anonymous_5)
FN:30,(anonymous_6)
FN:33,(anonymous_7)
FN:45,(anonymous_8)
FN:46,(anonymous_9)
FN:47,(anonymous_10)
FNF:11
FNH:0
FNDA:0,(anonymous_0)
FNDA:0,(anonymous_1)
FNDA:0,(anonymous_2)
FNDA:0,(anonymous_3)
FNDA:0,(anonymous_4)
FNDA:0,(anonymous_5)
FNDA:0,(anonymous_6)
FNDA:0,(anonymous_7)
FNDA:0,(anonymous_8)
FNDA:0,(anonymous_9)
FNDA:0,(anonymous_10)
DA:9,0
DA:11,0
DA:12,0
DA:15,0
DA:19,0
DA:20,0
DA:22,0
DA:24,0
DA:25,0
DA:28,0
DA:30,0
DA:33,0
DA:37,0
DA:46,0
DA:47,0
LF:15
LH:0
BRDA:9,0,0,0
BRDA:9,0,1,0
BRDA:11,1,0,0
BRDA:11,1,1,0
BRDA:12,2,0,0
BRDA:12,2,1,0
BRDA:20,3,0,0
BRDA:20,3,1,0
BRDA:24,4,0,0
BRDA:24,4,1,0
BRF:10
BRH:0
end_of_record
TN:
SF:C:\Users\xps\Documents\Programming\Projects\KazanExpress\omnic\lib\request.ts
FN:4,alias
FN:5,requestFactory
FN:6,request
FN:10,(anonymous_3)
FN:21,methodAlias
FN:35,(anonymous_5)
FNF:6
FNH:0
FNDA:0,alias
FNDA:0,requestFactory
FNDA:0,request
FNDA:0,(anonymous_3)
FNDA:0,methodAlias
FNDA:0,(anonymous_5)
DA:6,0
DA:10,0
DA:18,0
DA:24,0
DA:25,0
DA:27,0
DA:30,0
DA:33,0
DA:36,0
DA:37,0
LF:10
LH:0
BRDA:24,0,0,0
BRDA:24,0,1,0
BRDA:24,1,0,0
BRDA:24,1,1,0
BRDA:27,2,0,0
BRDA:27,2,1,0
BRF:6
BRH:0
end_of_record
TN:
SF:C:\Users\xps\Documents\Programming\Projects\KazanExpress\omnic\lib\mergeStrategies\base.ts
FN:63,(anonymous_0)
FN:66,(anonymous_1)
FNF:2
FNH:2
FNDA:18,(anonymous_0)
FNDA:18,(anonymous_1)
DA:63,3
DA:66,18
DA:67,18
DA:68,6
DA:69,12
DA:70,3
DA:71,9
DA:72,6
DA:74,3
LF:9
LH:9
BRDA:67,0,0,6
BRDA:67,0,1,12
BRDA:67,1,0,18
BRDA:67,1,1,12
BRDA:69,2,0,3
BRDA:69,2,1,9
BRDA:69,3,0,12
BRDA:69,3,1,6
BRDA:71,4,0,6
BRDA:71,4,1,3
BRDA:71,5,0,9
BRDA:71,5,1,9
BRF:12
BRH:12
end_of_record
TN:
SF:C:\Users\xps\Documents\Programming\Projects\KazanExpress\omnic\lib\mergeStrategies\index.ts
FN:8,(anonymous_0)
FN:9,(anonymous_1)
FN:16,(anonymous_2)
FN:18,(anonymous_3)
FN:25,(anonymous_4)
FN:41,(anonymous_6)
FN:43,(anonymous_7)
FN:77,mergeConfigs
FNF:8
FNH:2
FNDA:0,(anonymous_0)
FNDA:0,(anonymous_1)
FNDA:0,(anonymous_2)
FNDA:0,(anonymous_3)
FNDA:7,(anonymous_4)
FNDA:3,(anonymous_6)
FNDA:0,(anonymous_7)
FNDA:0,mergeConfigs
DA:7,2
DA:9,0
DA:16,2
DA:18,2
DA:19,0
DA:20,0
DA:22,0
DA:25,2
DA:28,7
DA:35,7
DA:38,2
DA:39,2
DA:41,3
DA:43,2
DA:44,0
DA:64,0
DA:65,0
DA:67,0
DA:68,0
DA:69,0
DA:71,0
DA:74,0
DA:78,0
LF:23
LH:10
BRDA:19,0,0,0
BRDA:19,0,1,0
BRF:2
BRH:0
end_of_record
TN:
SF:C:\Users\xps\Documents\Programming\Projects\KazanExpress\omnic\lib\misc\index.ts
FN:1,isString
FN:5,isObject
FN:9,isFunction
FNF:3
FNH:0
FNDA:0,isString
FNDA:0,isObject
FNDA:0,isFunction
DA:2,0
DA:6,0
DA:10,0
DA:13,2
LF:4
LH:1
BRDA:2,0,0,0
BRDA:2,0,1,0
BRDA:2,0,2,0
BRDA:2,0,3,0
BRF:4
BRH:0
end_of_record
